app/build/intermediates/manifest_merge_blame_file/debug/manifest-merger-blame-debug-report.txt
1<?xml version="1.0" encoding="utf-8"?>
2<manifest xmlns:android="http://schemas.android.com/apk/res/android"
3    package="com.modelsw.birdingviamic"
4    android:versionCode="104"
5    android:versionName="59A.104" > <!-- <uses-permission android:name="android.permission.MODIFY_AUDIO_SETTINGS" /> -->
6    <!-- <uses-permission android:name="android.permission.ACCESS_NETWORK_STATE"/> -->
7    <uses-sdk
8        android:minSdkVersion="17"
8-->src\main\AndroidManifest.xml
9        android:targetSdkVersion="30" />
9-->src\main\AndroidManifest.xml
10
11    <uses-permission android:name="android.permission.WRITE_EXTERNAL_STORAGE" />
11-->src\main\AndroidManifest.xml:139:5-81
11-->src\main\AndroidManifest.xml:139:22-78
12    <uses-permission android:name="android.permission.READ_EXTERNAL_STORAGE" />
12-->src\main\AndroidManifest.xml:140:5-80
12-->src\main\AndroidManifest.xml:140:22-77
13    <uses-permission android:name="android.permission.RECORD_AUDIO" />
13-->src\main\AndroidManifest.xml:141:5-71
13-->src\main\AndroidManifest.xml:141:22-68
14    <uses-permission android:name="android.permission.INTERNET" />
14-->src\main\AndroidManifest.xml:142:5-67
14-->src\main\AndroidManifest.xml:142:22-64
15    <uses-permission android:name="android.permission.ACCESS_FINE_LOCATION" />
15-->src\main\AndroidManifest.xml:143:5-79
15-->src\main\AndroidManifest.xml:143:22-76
16    <uses-permission android:name="android.permission.ACCESS_COARSE_LOCATION" />
16-->src\main\AndroidManifest.xml:144:5-81
16-->src\main\AndroidManifest.xml:144:22-78
17
18    <uses-feature android:name="android.hardware.location.gps" />
18-->src\main\AndroidManifest.xml:145:5-66
18-->src\main\AndroidManifest.xml:145:19-63
19
20    <application
20-->src\main\AndroidManifest.xml:5:5-138:23
21        android:appComponentFactory="androidx.core.app.CoreComponentFactory"
21-->[androidx.core:core:1.3.0] AndroidManifest.xml:24:18-86
22        android:debuggable="true"
23        android:icon="@drawable/treble_clef_linen"
23-->src\main\AndroidManifest.xml:7:9-51
24        android:label="@string/app_name"
24-->src\main\AndroidManifest.xml:8:9-41
25        android:testOnly="true"
26        android:theme="@style/AppTheme" >
26-->src\main\AndroidManifest.xml:6:9-40
27
28        <!--
29        This meta-data tag is required to use Google Play Services.
30        <meta-data android:name="com.google.android.gms.version"
31            android:value="@integer/google_play_services_version" />
32        -->
33        <activity
33-->src\main\AndroidManifest.xml:13:9-22:20
34            android:name="com.modelsw.birdingviamic.Main"
34-->src\main\AndroidManifest.xml:14:13-58
35            android:background="@color/black"
35-->src\main\AndroidManifest.xml:16:13-46
36            android:screenOrientation="portrait" >
36-->src\main\AndroidManifest.xml:15:13-49
37            <intent-filter>
37-->src\main\AndroidManifest.xml:17:13-21:29
38                <action android:name="android.intent.ActionBarActivity" />
38-->src\main\AndroidManifest.xml:18:17-75
38-->src\main\AndroidManifest.xml:18:25-72
39                <action android:name="android.intent.action.MAIN" />
39-->src\main\AndroidManifest.xml:19:17-69
39-->src\main\AndroidManifest.xml:19:25-66
40
41                <category android:name="android.intent.category.LAUNCHER" />
41-->src\main\AndroidManifest.xml:20:17-77
41-->src\main\AndroidManifest.xml:20:27-74
42            </intent-filter>
43        </activity>
44        <activity
44-->src\main\AndroidManifest.xml:23:9-27:20
45            android:name="com.modelsw.birdingviamic.PlaySong"
45-->src\main\AndroidManifest.xml:23:20-69
46            android:background="@color/black"
46-->src\main\AndroidManifest.xml:26:13-46
47            android:label="@string/playsong_title"
47-->src\main\AndroidManifest.xml:24:13-51
48            android:screenOrientation="portrait" >
48-->src\main\AndroidManifest.xml:25:13-49
49        </activity>
50        <activity
50-->src\main\AndroidManifest.xml:28:9-32:20
51            android:name="com.modelsw.birdingviamic.RecordSong"
51-->src\main\AndroidManifest.xml:28:20-71
52            android:background="@color/black"
52-->src\main\AndroidManifest.xml:31:13-46
53            android:label="@string/recordsong_title"
53-->src\main\AndroidManifest.xml:29:13-53
54            android:screenOrientation="portrait" >
54-->src\main\AndroidManifest.xml:30:13-49
55        </activity>
56        <activity
56-->src\main\AndroidManifest.xml:33:9-37:20
57            android:name="com.modelsw.birdingviamic.SongList"
57-->src\main\AndroidManifest.xml:33:20-69
58            android:background="@color/black"
58-->src\main\AndroidManifest.xml:36:13-46
59            android:label="@string/songlist_title"
59-->src\main\AndroidManifest.xml:34:13-51
60            android:screenOrientation="portrait" >
60-->src\main\AndroidManifest.xml:35:13-49
61        </activity>
62        <activity
62-->src\main\AndroidManifest.xml:38:9-42:20
63            android:name="com.modelsw.birdingviamic.PermissionDetail"
63-->src\main\AndroidManifest.xml:38:20-77
64            android:background="@color/black"
64-->src\main\AndroidManifest.xml:41:13-46
65            android:label="@string/permission_title"
65-->src\main\AndroidManifest.xml:39:13-53
66            android:screenOrientation="portrait" >
66-->src\main\AndroidManifest.xml:40:13-49
67        </activity>
68        <activity
68-->src\main\AndroidManifest.xml:43:9-46:20
69            android:name="com.modelsw.birdingviamic.Alert1ButtonDialog"
69-->src\main\AndroidManifest.xml:43:20-79
70            android:screenOrientation="portrait"
70-->src\main\AndroidManifest.xml:44:13-49
71            android:theme="@style/AppThemeDialog" >
71-->src\main\AndroidManifest.xml:45:13-50
72        </activity>
73        <activity
73-->src\main\AndroidManifest.xml:47:9-50:20
74            android:name="com.modelsw.birdingviamic.Alert3ButtonDialog"
74-->src\main\AndroidManifest.xml:47:20-79
75            android:screenOrientation="portrait"
75-->src\main\AndroidManifest.xml:48:13-49
76            android:theme="@style/AppThemeDialog" >
76-->src\main\AndroidManifest.xml:49:13-50
77        </activity>
78        <activity
78-->src\main\AndroidManifest.xml:51:9-54:20
79            android:name="com.modelsw.birdingviamic.IdentifyDialog"
79-->src\main\AndroidManifest.xml:51:20-75
80            android:screenOrientation="portrait"
80-->src\main\AndroidManifest.xml:52:13-49
81            android:theme="@style/AppThemeDialog" >
81-->src\main\AndroidManifest.xml:53:13-50
82        </activity>
83        <activity
83-->src\main\AndroidManifest.xml:55:9-58:20
84            android:name="com.modelsw.birdingviamic.NewNameDialog"
84-->src\main\AndroidManifest.xml:55:20-74
85            android:screenOrientation="portrait"
85-->src\main\AndroidManifest.xml:56:13-49
86            android:theme="@style/AppThemeDialog" >
86-->src\main\AndroidManifest.xml:57:4-41
87        </activity>
88        <activity
88-->src\main\AndroidManifest.xml:59:9-62:20
89            android:name="com.modelsw.birdingviamic.NewSpecDialog"
89-->src\main\AndroidManifest.xml:59:20-74
90            android:screenOrientation="portrait"
90-->src\main\AndroidManifest.xml:60:13-49
91            android:theme="@style/AppThemeDialog" >
91-->src\main\AndroidManifest.xml:61:13-50
92        </activity>
93        <activity
93-->src\main\AndroidManifest.xml:63:9-66:20
94            android:name="com.modelsw.birdingviamic.NewWebDialog"
94-->src\main\AndroidManifest.xml:63:20-73
95            android:screenOrientation="portrait"
95-->src\main\AndroidManifest.xml:64:13-49
96            android:theme="@style/AppThemeDialog" >
96-->src\main\AndroidManifest.xml:65:4-41
97        </activity>
98        <activity
98-->src\main\AndroidManifest.xml:67:9-70:20
99            android:name="com.modelsw.birdingviamic.UpgradeDialog"
99-->src\main\AndroidManifest.xml:67:20-74
100            android:screenOrientation="portrait"
100-->src\main\AndroidManifest.xml:68:13-49
101            android:theme="@style/AppThemeDialog" >
101-->src\main\AndroidManifest.xml:69:13-50
102        </activity>
103        <activity
103-->src\main\AndroidManifest.xml:71:9-75:20
104            android:name="com.modelsw.birdingviamic.SpeciesList"
104-->src\main\AndroidManifest.xml:71:20-72
105            android:background="@color/black"
105-->src\main\AndroidManifest.xml:74:13-46
106            android:label="@string/spec_title"
106-->src\main\AndroidManifest.xml:72:13-47
107            android:screenOrientation="portrait" >
107-->src\main\AndroidManifest.xml:73:13-49
108        </activity>
109        <activity
109-->src\main\AndroidManifest.xml:76:9-80:20
110            android:name="com.modelsw.birdingviamic.SelectSongPath"
110-->src\main\AndroidManifest.xml:76:20-75
111            android:background="@color/black"
111-->src\main\AndroidManifest.xml:79:13-46
112            android:label="@string/songpath_title"
112-->src\main\AndroidManifest.xml:77:13-51
113            android:screenOrientation="portrait" >
113-->src\main\AndroidManifest.xml:78:13-49
114        </activity>
115        <activity
115-->src\main\AndroidManifest.xml:81:9-85:20
116            android:name="com.modelsw.birdingviamic.Options"
116-->src\main\AndroidManifest.xml:81:20-68
117            android:background="@color/black"
117-->src\main\AndroidManifest.xml:84:13-46
118            android:label="@string/options_title"
118-->src\main\AndroidManifest.xml:82:13-50
119            android:screenOrientation="portrait" >
119-->src\main\AndroidManifest.xml:83:13-49
120        </activity>
121        <activity
121-->src\main\AndroidManifest.xml:86:9-90:20
122            android:name="com.modelsw.birdingviamic.AudioRecorder"
122-->src\main\AndroidManifest.xml:86:20-74
123            android:background="@color/black"
123-->src\main\AndroidManifest.xml:89:13-46
124            android:label="@string/recordsong_title"
124-->src\main\AndroidManifest.xml:87:13-53
125            android:screenOrientation="portrait" >
125-->src\main\AndroidManifest.xml:88:13-49
126        </activity>
127        <activity
127-->src\main\AndroidManifest.xml:91:9-95:20
128            android:name="com.modelsw.birdingviamic.RedList"
128-->src\main\AndroidManifest.xml:91:20-68
129            android:background="@color/black"
129-->src\main\AndroidManifest.xml:94:13-46
130            android:label="@string/redlist_label"
130-->src\main\AndroidManifest.xml:92:13-50
131            android:screenOrientation="portrait" >
131-->src\main\AndroidManifest.xml:93:13-49
132        </activity>
133        <activity
133-->src\main\AndroidManifest.xml:96:9-100:20
134            android:name="com.modelsw.birdingviamic.RegionList"
134-->src\main\AndroidManifest.xml:96:20-71
135            android:background="@color/black"
135-->src\main\AndroidManifest.xml:99:13-46
136            android:label="@string/region_title"
136-->src\main\AndroidManifest.xml:97:13-49
137            android:screenOrientation="portrait" >
137-->src\main\AndroidManifest.xml:98:13-49
138        </activity>
139        <activity
139-->src\main\AndroidManifest.xml:101:9-105:20
140            android:name="com.modelsw.birdingviamic.Backup"
140-->src\main\AndroidManifest.xml:101:20-67
141            android:background="@color/black"
141-->src\main\AndroidManifest.xml:104:13-46
142            android:label="@string/backup_label"
142-->src\main\AndroidManifest.xml:102:13-49
143            android:screenOrientation="portrait" >
143-->src\main\AndroidManifest.xml:103:13-49
144        </activity>
145        <activity
145-->src\main\AndroidManifest.xml:106:9-110:20
146            android:name="com.modelsw.birdingviamic.MyList"
146-->src\main\AndroidManifest.xml:106:20-67
147            android:background="@color/black"
147-->src\main\AndroidManifest.xml:109:13-46
148            android:label="@string/my_list"
148-->src\main\AndroidManifest.xml:107:13-44
149            android:screenOrientation="portrait" >
149-->src\main\AndroidManifest.xml:108:13-49
150        </activity>
151        <activity
151-->src\main\AndroidManifest.xml:111:9-115:20
152            android:name="com.modelsw.birdingviamic.HelpActivity"
152-->src\main\AndroidManifest.xml:111:20-73
153            android:background="@color/black"
153-->src\main\AndroidManifest.xml:114:13-46
154            android:label="@string/help_title"
154-->src\main\AndroidManifest.xml:112:13-47
155            android:screenOrientation="portrait" >
155-->src\main\AndroidManifest.xml:113:13-49
156        </activity>
157        <activity
157-->src\main\AndroidManifest.xml:116:9-120:20
158            android:name="com.modelsw.birdingviamic.ShowLocation"
158-->src\main\AndroidManifest.xml:116:20-73
159            android:background="@color/black"
159-->src\main\AndroidManifest.xml:119:13-46
160            android:label="@string/location_title"
160-->src\main\AndroidManifest.xml:117:13-51
161            android:screenOrientation="portrait" >
161-->src\main\AndroidManifest.xml:118:13-49
162        </activity>
163        <activity
163-->src\main\AndroidManifest.xml:121:9-125:20
164            android:name="com.modelsw.birdingviamic.WebBrowser"
164-->src\main\AndroidManifest.xml:121:20-71
165            android:background="@color/black"
165-->src\main\AndroidManifest.xml:124:13-46
166            android:label="@string/show_web_title"
166-->src\main\AndroidManifest.xml:122:13-51
167            android:screenOrientation="portrait" >
167-->src\main\AndroidManifest.xml:123:13-49
168        </activity>
169        <activity
169-->src\main\AndroidManifest.xml:126:9-130:20
170            android:name="com.modelsw.birdingviamic.WebList"
170-->src\main\AndroidManifest.xml:126:20-68
171            android:background="@color/black"
171-->src\main\AndroidManifest.xml:129:13-46
172            android:label="@string/weblist_title"
172-->src\main\AndroidManifest.xml:127:13-50
173            android:screenOrientation="portrait" >
173-->src\main\AndroidManifest.xml:128:13-49
174        </activity>
175        <activity
175-->src\main\AndroidManifest.xml:131:9-135:20
176            android:name="com.modelsw.birdingviamic.Register"
176-->src\main\AndroidManifest.xml:131:20-69
177            android:background="@color/black"
177-->src\main\AndroidManifest.xml:134:13-46
178            android:label="@string/register_title"
178-->src\main\AndroidManifest.xml:132:13-51
179            android:screenOrientation="portrait" >
179-->src\main\AndroidManifest.xml:133:13-49
180        </activity>
181    </application>
182
183</manifest>